2023-12-13 22:02:44,015 ERROR [http-nio-8080-exec-1][GlobalExceptionHandler.java:40] - 1a898b5d-adb0-42aa-ac25-5e404de13898 - 捕获系统异常:JSON parse error: raw timestamp (1701874171) not allowed for `java.time.LocalDateTime`: need additional information such as an offset or time-zone (see class Javadocs); nested exception is com.fasterxml.jackson.databind.exc.MismatchedInputException: raw timestamp (1701874171) not allowed for `java.time.LocalDateTime`: need additional information such as an offset or time-zone (see class Javadocs)
 at [Source: (org.springframework.util.StreamUtils$NonClosingInputStream); line: 1, column: 239] (through reference chain: com.planitary.atplatform.model.dto.ExecuteDTO["requireTime"])
2023-12-13 22:03:52,540 ERROR [http-nio-8080-exec-2][GlobalExceptionHandler.java:40] - deb9cde4-33ea-44b5-98a3-0570103ac0f8 - 捕获系统异常:JSON parse error: Cannot deserialize value of type `java.time.LocalDateTime` from String "2023-12-13 22:03:59": Failed to deserialize java.time.LocalDateTime: (java.time.format.DateTimeParseException) Text '2023-12-13 22:03:59' could not be parsed at index 10; nested exception is com.fasterxml.jackson.databind.exc.InvalidFormatException: Cannot deserialize value of type `java.time.LocalDateTime` from String "2023-12-13 22:03:59": Failed to deserialize java.time.LocalDateTime: (java.time.format.DateTimeParseException) Text '2023-12-13 22:03:59' could not be parsed at index 10
 at [Source: (org.springframework.util.StreamUtils$NonClosingInputStream); line: 1, column: 206] (through reference chain: com.planitary.atplatform.model.dto.ExecuteDTO["requireTime"])
2023-12-13 22:06:10,448 ERROR [http-nio-8080-exec-3][GlobalExceptionHandler.java:40] - 9daaef1a-300e-4346-a2d2-b81e6c32eb6a - 捕获系统异常:JSON parse error: Unexpected character ('\' (code 92)): expected a valid value (JSON String, Number, Array, Object or token 'null', 'true' or 'false'); nested exception is com.fasterxml.jackson.core.JsonParseException: Unexpected character ('\' (code 92)): expected a valid value (JSON String, Number, Array, Object or token 'null', 'true' or 'false')
 at [Source: (org.springframework.util.StreamUtils$NonClosingInputStream); line: 9, column: 18]
2023-12-13 22:06:21,716 ERROR [http-nio-8080-exec-4][GlobalExceptionHandler.java:40] - 69d5418d-2157-44a7-8eb0-5f438d88c970 - 捕获系统异常:JSON parse error: Cannot deserialize value of type `java.time.LocalDateTime` from String "2023-12-13 22:06:59": Failed to deserialize java.time.LocalDateTime: (java.time.format.DateTimeParseException) Text '2023-12-13 22:06:59' could not be parsed at index 10; nested exception is com.fasterxml.jackson.databind.exc.InvalidFormatException: Cannot deserialize value of type `java.time.LocalDateTime` from String "2023-12-13 22:06:59": Failed to deserialize java.time.LocalDateTime: (java.time.format.DateTimeParseException) Text '2023-12-13 22:06:59' could not be parsed at index 10
 at [Source: (org.springframework.util.StreamUtils$NonClosingInputStream); line: 1, column: 206] (through reference chain: com.planitary.atplatform.model.dto.ExecuteDTO["requireTime"])
2023-12-13 22:07:14,202 ERROR [http-nio-8080-exec-5][GlobalExceptionHandler.java:40] - 2c9bc004-5c65-470a-981e-dafbba2073bd - 捕获系统异常:JSON parse error: Cannot deserialize value of type `java.time.LocalDateTime` from String "2023-12-13 22:06:59": Failed to deserialize java.time.LocalDateTime: (java.time.format.DateTimeParseException) Text '2023-12-13 22:06:59' could not be parsed at index 10; nested exception is com.fasterxml.jackson.databind.exc.InvalidFormatException: Cannot deserialize value of type `java.time.LocalDateTime` from String "2023-12-13 22:06:59": Failed to deserialize java.time.LocalDateTime: (java.time.format.DateTimeParseException) Text '2023-12-13 22:06:59' could not be parsed at index 10
 at [Source: (org.springframework.util.StreamUtils$NonClosingInputStream); line: 1, column: 206] (through reference chain: com.planitary.atplatform.model.dto.ExecuteDTO["requireTime"])
2023-12-13 22:07:55,255 ERROR [http-nio-8080-exec-1][GlobalExceptionHandler.java:40] - 95f6e143-01e2-4311-836e-4edfb36fc954 - 捕获系统异常:JSON parse error: Cannot deserialize value of type `java.time.LocalDateTime` from String "2023-12-13 22:06:59": Failed to deserialize java.time.LocalDateTime: (java.time.format.DateTimeParseException) Text '2023-12-13 22:06:59' could not be parsed at index 10; nested exception is com.fasterxml.jackson.databind.exc.InvalidFormatException: Cannot deserialize value of type `java.time.LocalDateTime` from String "2023-12-13 22:06:59": Failed to deserialize java.time.LocalDateTime: (java.time.format.DateTimeParseException) Text '2023-12-13 22:06:59' could not be parsed at index 10
 at [Source: (org.springframework.util.StreamUtils$NonClosingInputStream); line: 1, column: 206] (through reference chain: com.planitary.atplatform.model.dto.ExecuteDTO["requireTime"])
2023-12-13 22:15:47,251 ERROR [http-nio-8080-exec-1][GlobalExceptionHandler.java:40] - 0ddc6f63-888c-419e-aad8-d96074ddd0e3 - 捕获系统异常:
### Error updating database.  Cause: java.sql.SQLException: Field 'interface_id' doesn't have a default value
### The error may exist in com/planitary/atplatform/mapper/ATPlatformInterfaceCallRecordMapper.java (best guess)
### The error may involve com.planitary.atplatform.mapper.ATPlatformInterfaceCallRecordMapper.insert-Inline
### The error occurred while setting parameters
### SQL: INSERT INTO at_platform_interface_call_record  ( id, record_id,  execute_time, response_body, duration_time,  request_body )  VALUES  ( ?, ?,  ?, ?, ?,  ? )
### Cause: java.sql.SQLException: Field 'interface_id' doesn't have a default value
; Field 'interface_id' doesn't have a default value; nested exception is java.sql.SQLException: Field 'interface_id' doesn't have a default value
2023-12-13 22:18:48,846 ERROR [http-nio-8080-exec-4][GlobalExceptionHandler.java:40] - d6b86f46-eb2f-4fbd-b1a5-d2180c499615 - 捕获系统异常:JSON parse error: Unexpected character ('"' (code 34)): was expecting comma to separate Object entries; nested exception is com.fasterxml.jackson.core.JsonParseException: Unexpected character ('"' (code 34)): was expecting comma to separate Object entries
 at [Source: (org.springframework.util.StreamUtils$NonClosingInputStream); line: 10, column: 3]
